

Started GET "/" for 192.168.1.66 at 2010-04-18 14:26:52
  Processing by RepSourcesController#index as HTML
  [1m[36mSQL (0.4ms)[0m  [1m SELECT name
 FROM sqlite_master
 WHERE type = 'table' AND NOT name = 'sqlite_sequence'
[0m
SQLite3::SQLException: no such table: rep_sources: SELECT     "rep_sources".* FROM       "rep_sources"

ActiveRecord::StatementInvalid (SQLite3::SQLException: no such table: rep_sources: SELECT     "rep_sources".* FROM       "rep_sources"):
  app/controllers/rep_sources_controller.rb:5:in `index'

Rendered /Library/Ruby/Gems/1.8/gems/actionpack-3.0.0.beta3/lib/action_dispatch/middleware/templates/rescues/_trace.erb (1.4ms)
Rendered /Library/Ruby/Gems/1.8/gems/actionpack-3.0.0.beta3/lib/action_dispatch/middleware/templates/rescues/_request_and_response.erb (5.4ms)
Rendered /Library/Ruby/Gems/1.8/gems/actionpack-3.0.0.beta3/lib/action_dispatch/middleware/templates/rescues/diagnostics.erb within rescues/layout (11.9ms)
  [1m[36mSQL (0.3ms)[0m  [1m SELECT name
 FROM sqlite_master
 WHERE type = 'table' AND NOT name = 'sqlite_sequence'
[0m
  [1m[35mSQL (0.2ms)[0m  select sqlite_version(*)
  [1m[36mSQL (3.1ms)[0m  [1mCREATE TABLE "schema_migrations" ("version" varchar(255) NOT NULL) [0m
  [1m[35mSQL (2.3ms)[0m  CREATE UNIQUE INDEX "unique_schema_migrations" ON "schema_migrations" ("version")
  [1m[36mSQL (0.2ms)[0m  [1m SELECT name
 FROM sqlite_master
 WHERE type = 'table' AND NOT name = 'sqlite_sequence'
[0m
  [1m[35mSQL (0.2ms)[0m   SELECT name
 FROM sqlite_master
 WHERE type = 'table' AND NOT name = 'sqlite_sequence'
  [1m[36mSQL (0.1ms)[0m  [1mSELECT "schema_migrations"."version" FROM "schema_migrations"[0m
Migrating to CreateRepSources (20100418121512)
  [1m[35mSQL (0.6ms)[0m  CREATE TABLE "rep_sources" ("id" INTEGER PRIMARY KEY AUTOINCREMENT NOT NULL, "path" varchar(255), "created_at" datetime, "updated_at" datetime) 
  [1m[36mSQL (0.2ms)[0m  [1mINSERT INTO "schema_migrations" ("version") VALUES ('20100418121512')[0m
  [1m[35mSQL (0.4ms)[0m   SELECT name
 FROM sqlite_master
 WHERE type = 'table' AND NOT name = 'sqlite_sequence'
  [1m[36mSQL (0.2ms)[0m  [1mSELECT "schema_migrations"."version" FROM "schema_migrations"[0m
  [1m[35mSQL (0.2ms)[0m   SELECT name
 FROM sqlite_master
 WHERE type = 'table' AND NOT name = 'sqlite_sequence'
  [1m[36mSQL (0.1ms)[0m  [1mPRAGMA index_list("rep_sources")[0m


Started GET "/" for 192.168.1.66 at 2010-04-18 14:27:34
  Processing by RepSourcesController#index as HTML
  [1m[36mSQL (0.6ms)[0m  [1m SELECT name
 FROM sqlite_master
 WHERE type = 'table' AND NOT name = 'sqlite_sequence'
[0m
  [1m[35mRepSource Load (0.2ms)[0m  SELECT "rep_sources".* FROM "rep_sources"
Rendered rep_sources/index.html.erb within layouts/application (6.4ms)
Completed 200 OK in 52ms (Views: 25.8ms | ActiveRecord: 0.8ms)


Started GET "/rep_sources/new" for 192.168.1.66 at 2010-04-18 14:27:39
  Processing by RepSourcesController#new as HTML
Rendered rep_sources/_form.html.erb (52.4ms)
Rendered rep_sources/new.html.erb within layouts/application (146.4ms)
Completed 200 OK in 158ms (Views: 150.8ms | ActiveRecord: 0.0ms)


Started POST "/rep_sources" for 192.168.1.66 at 2010-04-18 14:27:56
  Processing by RepSourcesController#create as HTML
  Parameters: {"rep_source"=>{"path"=>"/User/albanavenant/Movies"}, "commit"=>"Create Rep source", "authenticity_token"=>"8xxl9uxobSSLosxLLQ6as5zNI8nD629+5b8JvqgaImI="}
  [1m[36mSQL (0.7ms)[0m  [1mINSERT INTO "rep_sources" ("created_at", "path", "updated_at") VALUES ('2010-04-18 12:27:56.881528', '/User/albanavenant/Movies', '2010-04-18 12:27:56.881528')[0m
Redirected to http://0.0.0.0:3002/rep_sources/1
Completed 302 Found in 26ms


Started GET "/rep_sources/1" for 192.168.1.66 at 2010-04-18 14:27:56
  Processing by RepSourcesController#show as HTML
  Parameters: {"id"=>"1"}
  [1m[35mRepSource Load (0.4ms)[0m  SELECT "rep_sources".* FROM "rep_sources" WHERE ("rep_sources"."id" = 1) LIMIT 1
Rendered rep_sources/show.html.erb within layouts/application (7.6ms)
Completed 200 OK in 24ms (Views: 12.1ms | ActiveRecord: 0.3ms)


Started GET "/rep_sources" for 192.168.1.66 at 2010-04-18 14:27:58
  Processing by RepSourcesController#index as HTML
  [1m[36mRepSource Load (0.6ms)[0m  [1mSELECT "rep_sources".* FROM "rep_sources"[0m
Rendered rep_sources/index.html.erb within layouts/application (9.4ms)
Completed 200 OK in 23ms (Views: 13.6ms | ActiveRecord: 0.5ms)
  [1m[36mSQL (0.6ms)[0m  [1m SELECT name
 FROM sqlite_master
 WHERE type = 'table' AND NOT name = 'sqlite_sequence'
[0m
  [1m[35mSQL (0.3ms)[0m   SELECT name
 FROM sqlite_master
 WHERE type = 'table' AND NOT name = 'sqlite_sequence'
  [1m[36mSQL (0.2ms)[0m  [1mSELECT "schema_migrations"."version" FROM "schema_migrations"[0m
Migrating to CreateRepSources (20100418121512)
Migrating to CreateFilms (20100418123300)
  [1m[35mSQL (0.1ms)[0m  select sqlite_version(*)
  [1m[36mSQL (0.6ms)[0m  [1mCREATE TABLE "films" ("id" INTEGER PRIMARY KEY AUTOINCREMENT NOT NULL, "imdb_id" varchar(255), "path" varchar(255), "hash" varchar(255), "created_at" datetime, "updated_at" datetime) [0m
  [1m[35mSQL (0.2ms)[0m  INSERT INTO "schema_migrations" ("version") VALUES ('20100418123300')
  [1m[36mSQL (0.4ms)[0m  [1m SELECT name
 FROM sqlite_master
 WHERE type = 'table' AND NOT name = 'sqlite_sequence'
[0m
  [1m[35mSQL (0.2ms)[0m  SELECT "schema_migrations"."version" FROM "schema_migrations"
  [1m[36mSQL (0.2ms)[0m  [1m SELECT name
 FROM sqlite_master
 WHERE type = 'table' AND NOT name = 'sqlite_sequence'
[0m
  [1m[35mSQL (0.1ms)[0m  PRAGMA index_list("films")
  [1m[36mSQL (0.1ms)[0m  [1mPRAGMA index_list("rep_sources")[0m


Started GET "/rep_sources" for 192.168.1.66 at 2010-04-18 14:40:21
  Processing by RepSourcesController#index as HTML
  [1m[36mSQL (1.1ms)[0m  [1m SELECT name
 FROM sqlite_master
 WHERE type = 'table' AND NOT name = 'sqlite_sequence'
[0m
  [1m[35mRepSource Load (0.4ms)[0m  SELECT "rep_sources".* FROM "rep_sources"
Rendered rep_sources/index.html.erb within layouts/application (16.5ms)
Completed 200 OK in 53ms (Views: 22.1ms | ActiveRecord: 1.2ms)


Started GET "/films_du_rep" for 192.168.1.66 at 2010-04-18 14:40:29

ActionController::RoutingError (No route matches "/films_du_rep"):
  

Rendered /Library/Ruby/Gems/1.8/gems/actionpack-3.0.0.beta3/lib/action_dispatch/middleware/templates/rescues/routing_error.erb within rescues/layout (1.6ms)


Started GET "/films" for 192.168.1.66 at 2010-04-18 14:40:33

ActionController::RoutingError (No route matches "/films"):
  

Rendered /Library/Ruby/Gems/1.8/gems/actionpack-3.0.0.beta3/lib/action_dispatch/middleware/templates/rescues/routing_error.erb within rescues/layout (0.9ms)


Started GET "/film" for 192.168.1.66 at 2010-04-18 14:40:36

ActionController::RoutingError (No route matches "/film"):
  

Rendered /Library/Ruby/Gems/1.8/gems/actionpack-3.0.0.beta3/lib/action_dispatch/middleware/templates/rescues/routing_error.erb within rescues/layout (0.9ms)


Started GET "/films/" for 192.168.1.66 at 2010-04-18 14:40:48

ActionController::RoutingError (No route matches "/films"):
  

Rendered /Library/Ruby/Gems/1.8/gems/actionpack-3.0.0.beta3/lib/action_dispatch/middleware/templates/rescues/routing_error.erb within rescues/layout (0.9ms)


Started GET "/films/index" for 192.168.1.66 at 2010-04-18 14:41:09
  Processing by FilmsController#index as HTML

NoMethodError (You have a nil object when you didn't expect it!
You might have expected an instance of Array.
The error occurred while evaluating nil.each):
  app/controllers/films_controller.rb:4:in `index'

Rendered /Library/Ruby/Gems/1.8/gems/actionpack-3.0.0.beta3/lib/action_dispatch/middleware/templates/rescues/_trace.erb (1.2ms)
Rendered /Library/Ruby/Gems/1.8/gems/actionpack-3.0.0.beta3/lib/action_dispatch/middleware/templates/rescues/_request_and_response.erb (5.7ms)
Rendered /Library/Ruby/Gems/1.8/gems/actionpack-3.0.0.beta3/lib/action_dispatch/middleware/templates/rescues/diagnostics.erb within rescues/layout (11.5ms)


Started GET "/films/index" for 192.168.1.66 at 2010-04-18 14:49:22
  Processing by FilmsController#index as HTML

NoMethodError (You have a nil object when you didn't expect it!
You might have expected an instance of Array.
The error occurred while evaluating nil.each):
  app/controllers/films_controller.rb:4:in `index'

Rendered /Library/Ruby/Gems/1.8/gems/actionpack-3.0.0.beta3/lib/action_dispatch/middleware/templates/rescues/_trace.erb (1.2ms)
Rendered /Library/Ruby/Gems/1.8/gems/actionpack-3.0.0.beta3/lib/action_dispatch/middleware/templates/rescues/_request_and_response.erb (5.2ms)
Rendered /Library/Ruby/Gems/1.8/gems/actionpack-3.0.0.beta3/lib/action_dispatch/middleware/templates/rescues/diagnostics.erb within rescues/layout (10.6ms)


Started GET "/films/index" for 192.168.1.66 at 2010-04-18 14:49:36
  Processing by FilmsController#index as HTML

NoMethodError (You have a nil object when you didn't expect it!
You might have expected an instance of Array.
The error occurred while evaluating nil.each):
  app/controllers/films_controller.rb:4:in `index'

Rendered /Library/Ruby/Gems/1.8/gems/actionpack-3.0.0.beta3/lib/action_dispatch/middleware/templates/rescues/_trace.erb (1.4ms)
Rendered /Library/Ruby/Gems/1.8/gems/actionpack-3.0.0.beta3/lib/action_dispatch/middleware/templates/rescues/_request_and_response.erb (5.4ms)
Rendered /Library/Ruby/Gems/1.8/gems/actionpack-3.0.0.beta3/lib/action_dispatch/middleware/templates/rescues/diagnostics.erb within rescues/layout (11.7ms)
  [1m[36mSQL (0.8ms)[0m  [1m SELECT name
 FROM sqlite_master
 WHERE type = 'table' AND NOT name = 'sqlite_sequence'
[0m
  [1m[35mSQL (0.3ms)[0m   SELECT name
 FROM sqlite_master
 WHERE type = 'table' AND NOT name = 'sqlite_sequence'
  [1m[36mSQL (0.2ms)[0m  [1mSELECT "schema_migrations"."version" FROM "schema_migrations"[0m
Migrating to CreateRepSources (20100418121512)
Migrating to CreateFilms (20100418123300)
Migrating to AddRepSourceIdToFilms (20100418132524)
  [1m[35mSQL (0.1ms)[0m  select sqlite_version(*)
  [1m[36mSQL (0.6ms)[0m  [1m SELECT name
 FROM sqlite_master
 WHERE type = 'table' AND NOT name = 'sqlite_sequence'
[0m
  [1m[35mSQL (0.3ms)[0m   SELECT name
 FROM sqlite_master
 WHERE type = 'table' AND NOT name = 'sqlite_sequence'
  [1m[36mSQL (0.2ms)[0m  [1mSELECT "schema_migrations"."version" FROM "schema_migrations"[0m
Migrating to CreateRepSources (20100418121512)
Migrating to CreateFilms (20100418123300)
Migrating to AddRepSourceIdToFilms (20100418132524)
  [1m[35mSQL (0.1ms)[0m  select sqlite_version(*)
  [1m[36mSQL (0.6ms)[0m  [1m SELECT name
 FROM sqlite_master
 WHERE type = 'table' AND NOT name = 'sqlite_sequence'
[0m
  [1m[35mSQL (0.3ms)[0m   SELECT name
 FROM sqlite_master
 WHERE type = 'table' AND NOT name = 'sqlite_sequence'
  [1m[36mSQL (0.2ms)[0m  [1mSELECT "schema_migrations"."version" FROM "schema_migrations"[0m
Migrating to CreateRepSources (20100418121512)
Migrating to CreateFilms (20100418123300)
Migrating to AddRepSourceIdToFilms (20100418132524)
  [1m[35mSQL (0.1ms)[0m  select sqlite_version(*)
  [1m[36mSQL (36.5ms)[0m  [1mALTER TABLE "films" ADD "rep_source_id" integer[0m
  [1m[35mSQL (0.3ms)[0m  INSERT INTO "schema_migrations" ("version") VALUES ('20100418132524')
  [1m[36mSQL (0.4ms)[0m  [1m SELECT name
 FROM sqlite_master
 WHERE type = 'table' AND NOT name = 'sqlite_sequence'
[0m
  [1m[35mSQL (0.3ms)[0m  SELECT "schema_migrations"."version" FROM "schema_migrations"
  [1m[36mSQL (0.2ms)[0m  [1m SELECT name
 FROM sqlite_master
 WHERE type = 'table' AND NOT name = 'sqlite_sequence'
[0m
  [1m[35mSQL (0.1ms)[0m  PRAGMA index_list("films")
  [1m[36mSQL (0.1ms)[0m  [1mPRAGMA index_list("rep_sources")[0m


Started GET "/films/index" for 192.168.1.66 at 2010-04-18 15:36:58
  Processing by FilmsController#index as HTML

NoMethodError (You have a nil object when you didn't expect it!
You might have expected an instance of Array.
The error occurred while evaluating nil.each):
  app/controllers/films_controller.rb:4:in `index'

Rendered /Library/Ruby/Gems/1.8/gems/actionpack-3.0.0.beta3/lib/action_dispatch/middleware/templates/rescues/_trace.erb (1.8ms)
Rendered /Library/Ruby/Gems/1.8/gems/actionpack-3.0.0.beta3/lib/action_dispatch/middleware/templates/rescues/_request_and_response.erb (6.0ms)
Rendered /Library/Ruby/Gems/1.8/gems/actionpack-3.0.0.beta3/lib/action_dispatch/middleware/templates/rescues/diagnostics.erb within rescues/layout (14.0ms)


Started GET "/films/index" for 192.168.1.66 at 2010-04-18 15:37:45
  Processing by FilmsController#index as HTML

NoMethodError (undefined method `each' for :rep_sources:Symbol):
  app/controllers/films_controller.rb:4:in `index'

Rendered /Library/Ruby/Gems/1.8/gems/actionpack-3.0.0.beta3/lib/action_dispatch/middleware/templates/rescues/_trace.erb (1.3ms)
Rendered /Library/Ruby/Gems/1.8/gems/actionpack-3.0.0.beta3/lib/action_dispatch/middleware/templates/rescues/_request_and_response.erb (5.3ms)
Rendered /Library/Ruby/Gems/1.8/gems/actionpack-3.0.0.beta3/lib/action_dispatch/middleware/templates/rescues/diagnostics.erb within rescues/layout (11.3ms)


Started GET "/films/index" for 192.168.1.66 at 2010-04-18 15:38:05
  Processing by FilmsController#index as HTML

NoMethodError (You have a nil object when you didn't expect it!
You might have expected an instance of Array.
The error occurred while evaluating nil.each):
  app/controllers/films_controller.rb:4:in `index'

Rendered /Library/Ruby/Gems/1.8/gems/actionpack-3.0.0.beta3/lib/action_dispatch/middleware/templates/rescues/_trace.erb (1.2ms)
Rendered /Library/Ruby/Gems/1.8/gems/actionpack-3.0.0.beta3/lib/action_dispatch/middleware/templates/rescues/_request_and_response.erb (5.0ms)
Rendered /Library/Ruby/Gems/1.8/gems/actionpack-3.0.0.beta3/lib/action_dispatch/middleware/templates/rescues/diagnostics.erb within rescues/layout (10.4ms)


Started GET "/films/index" for 192.168.1.66 at 2010-04-18 15:45:27
  Processing by FilmsController#index as HTML
  [1m[36mSQL (0.7ms)[0m  [1m SELECT name
 FROM sqlite_master
 WHERE type = 'table' AND NOT name = 'sqlite_sequence'
[0m
  [1m[35mRepSource Load (0.3ms)[0m  SELECT "rep_sources".* FROM "rep_sources"

TypeError (can't convert RepSource into String):
  app/controllers/films_controller.rb:6:in `chdir'
  app/controllers/films_controller.rb:6:in `index'
  app/controllers/films_controller.rb:5:in `each'
  app/controllers/films_controller.rb:5:in `index'

Rendered /Library/Ruby/Gems/1.8/gems/actionpack-3.0.0.beta3/lib/action_dispatch/middleware/templates/rescues/_trace.erb (1.3ms)
Rendered /Library/Ruby/Gems/1.8/gems/actionpack-3.0.0.beta3/lib/action_dispatch/middleware/templates/rescues/_request_and_response.erb (9.8ms)
Rendered /Library/Ruby/Gems/1.8/gems/actionpack-3.0.0.beta3/lib/action_dispatch/middleware/templates/rescues/diagnostics.erb within rescues/layout (110.9ms)


Started GET "/films/index" for 192.168.1.66 at 2010-04-18 15:46:20
  Processing by FilmsController#index as HTML
  [1m[36mRepSource Load (0.6ms)[0m  [1mSELECT "rep_sources".* FROM "rep_sources"[0m

TypeError (can't convert RepSource into String):
  app/controllers/films_controller.rb:7:in `chdir'
  app/controllers/films_controller.rb:7:in `index'
  app/controllers/films_controller.rb:5:in `each'
  app/controllers/films_controller.rb:5:in `index'

Rendered /Library/Ruby/Gems/1.8/gems/actionpack-3.0.0.beta3/lib/action_dispatch/middleware/templates/rescues/_trace.erb (1.2ms)
Rendered /Library/Ruby/Gems/1.8/gems/actionpack-3.0.0.beta3/lib/action_dispatch/middleware/templates/rescues/_request_and_response.erb (10.3ms)
Rendered /Library/Ruby/Gems/1.8/gems/actionpack-3.0.0.beta3/lib/action_dispatch/middleware/templates/rescues/diagnostics.erb within rescues/layout (15.9ms)


Started GET "/films/index" for 192.168.1.66 at 2010-04-18 15:46:50
  Processing by FilmsController#index as HTML
  [1m[35mRepSource Load (0.6ms)[0m  SELECT "rep_sources".* FROM "rep_sources"

TypeError (can't convert RepSource into String):
  app/controllers/films_controller.rb:7:in `chdir'
  app/controllers/films_controller.rb:7:in `index'
  app/controllers/films_controller.rb:5:in `each'
  app/controllers/films_controller.rb:5:in `index'

Rendered /Library/Ruby/Gems/1.8/gems/actionpack-3.0.0.beta3/lib/action_dispatch/middleware/templates/rescues/_trace.erb (1.3ms)
Rendered /Library/Ruby/Gems/1.8/gems/actionpack-3.0.0.beta3/lib/action_dispatch/middleware/templates/rescues/_request_and_response.erb (9.4ms)
Rendered /Library/Ruby/Gems/1.8/gems/actionpack-3.0.0.beta3/lib/action_dispatch/middleware/templates/rescues/diagnostics.erb within rescues/layout (15.2ms)


Started GET "/films/index" for 192.168.1.66 at 2010-04-18 15:47:18
  Processing by FilmsController#index as HTML
  [1m[36mRepSource Load (0.6ms)[0m  [1mSELECT "rep_sources".* FROM "rep_sources"[0m

Errno::ENOENT (No such file or directory - /User/albanavenant/Movies):
  app/controllers/films_controller.rb:7:in `chdir'
  app/controllers/films_controller.rb:7:in `index'
  app/controllers/films_controller.rb:5:in `each'
  app/controllers/films_controller.rb:5:in `index'

Rendered /Library/Ruby/Gems/1.8/gems/actionpack-3.0.0.beta3/lib/action_dispatch/middleware/templates/rescues/_trace.erb (1.2ms)
Rendered /Library/Ruby/Gems/1.8/gems/actionpack-3.0.0.beta3/lib/action_dispatch/middleware/templates/rescues/_request_and_response.erb (9.6ms)
Rendered /Library/Ruby/Gems/1.8/gems/actionpack-3.0.0.beta3/lib/action_dispatch/middleware/templates/rescues/diagnostics.erb within rescues/layout (15.1ms)


Started GET "/rep_sources" for 192.168.1.66 at 2010-04-18 15:47:53
  Processing by RepSourcesController#index as HTML
  [1m[35mRepSource Load (0.7ms)[0m  SELECT "rep_sources".* FROM "rep_sources"
Rendered rep_sources/index.html.erb within layouts/application (106.1ms)
Completed 200 OK in 121ms (Views: 111.6ms | ActiveRecord: 0.7ms)


Started GET "/rep_sources/1/edit" for 192.168.1.66 at 2010-04-18 15:47:58
  Processing by RepSourcesController#edit as HTML
  Parameters: {"id"=>"1"}
  [1m[36mRepSource Load (0.6ms)[0m  [1mSELECT "rep_sources".* FROM "rep_sources" WHERE ("rep_sources"."id" = 1) LIMIT 1[0m
Rendered rep_sources/_form.html.erb (35.8ms)
Rendered rep_sources/edit.html.erb within layouts/application (60.9ms)
Completed 200 OK in 346ms (Views: 66.8ms | ActiveRecord: 0.5ms)


Started POST "/rep_sources/1" for 192.168.1.66 at 2010-04-18 15:48:08
  Processing by RepSourcesController#update as HTML
  Parameters: {"rep_source"=>{"path"=>"/Users/albanavenant/Movies"}, "commit"=>"Update Rep source", "authenticity_token"=>"8xxl9uxobSSLosxLLQ6as5zNI8nD629+5b8JvqgaImI=", "id"=>"1"}
  [1m[35mRepSource Load (0.3ms)[0m  SELECT "rep_sources".* FROM "rep_sources" WHERE ("rep_sources"."id" = 1) LIMIT 1
  [1m[36mSQL (0.6ms)[0m  [1mUPDATE "rep_sources" SET "path" = '/Users/albanavenant/Movies', "updated_at" = '2010-04-18 13:48:08.414295' WHERE ("rep_sources"."id" = 1)[0m
Redirected to http://0.0.0.0:3002/rep_sources/1
Completed 302 Found in 154ms


Started GET "/rep_sources/1" for 192.168.1.66 at 2010-04-18 15:48:08
  Processing by RepSourcesController#show as HTML
  Parameters: {"id"=>"1"}
  [1m[35mRepSource Load (0.4ms)[0m  SELECT "rep_sources".* FROM "rep_sources" WHERE ("rep_sources"."id" = 1) LIMIT 1
Rendered rep_sources/show.html.erb within layouts/application (9.7ms)
Completed 200 OK in 36ms (Views: 25.5ms | ActiveRecord: 0.3ms)


Started GET "/rep_sources" for 192.168.1.66 at 2010-04-18 15:48:09
  Processing by RepSourcesController#index as HTML
  [1m[36mRepSource Load (0.6ms)[0m  [1mSELECT "rep_sources".* FROM "rep_sources"[0m
Rendered rep_sources/index.html.erb within layouts/application (10.3ms)
Completed 200 OK in 23ms (Views: 14.8ms | ActiveRecord: 0.5ms)


Started GET "/" for 192.168.1.66 at 2010-04-18 15:48:13
  Processing by RepSourcesController#index as HTML
  [1m[35mRepSource Load (0.6ms)[0m  SELECT "rep_sources".* FROM "rep_sources"
Rendered rep_sources/index.html.erb within layouts/application (9.4ms)
Completed 200 OK in 23ms (Views: 13.7ms | ActiveRecord: 0.5ms)


Started GET "/films/" for 192.168.1.66 at 2010-04-18 15:48:17

ActionController::RoutingError (No route matches "/films"):
  

Rendered /Library/Ruby/Gems/1.8/gems/actionpack-3.0.0.beta3/lib/action_dispatch/middleware/templates/rescues/routing_error.erb within rescues/layout (1.1ms)


Started GET "/films/index" for 192.168.1.66 at 2010-04-18 15:48:27
  Processing by FilmsController#index as HTML
  [1m[36mRepSource Load (0.6ms)[0m  [1mSELECT "rep_sources".* FROM "rep_sources"[0m

NameError (undefined local variable or method `res' for #<FilmsController:0x103fef020>):
  app/controllers/films_controller.rb:14:in `index'
  app/controllers/films_controller.rb:8:in `each'
  app/controllers/films_controller.rb:8:in `index'
  app/controllers/films_controller.rb:5:in `each'
  app/controllers/films_controller.rb:5:in `index'

Rendered /Library/Ruby/Gems/1.8/gems/actionpack-3.0.0.beta3/lib/action_dispatch/middleware/templates/rescues/_trace.erb (1.3ms)
Rendered /Library/Ruby/Gems/1.8/gems/actionpack-3.0.0.beta3/lib/action_dispatch/middleware/templates/rescues/_request_and_response.erb (102.9ms)
Rendered /Library/Ruby/Gems/1.8/gems/actionpack-3.0.0.beta3/lib/action_dispatch/middleware/templates/rescues/diagnostics.erb within rescues/layout (108.7ms)


Started GET "/films/index" for 192.168.1.66 at 2010-04-18 15:49:10
  Processing by FilmsController#index as HTML
  [1m[35mRepSource Load (0.6ms)[0m  SELECT "rep_sources".* FROM "rep_sources"
Rendered films/index.html.erb within layouts/application (4.7ms)
Completed 200 OK in 1067ms (Views: 56.3ms | ActiveRecord: 0.5ms)
